This is pdfTeX, Version 3.14159265-2.6-1.40.16 (TeX Live 2015/Debian) (preloaded format=pdflatex 2016.11.22)  8 FEB 2017 21:46
entering extended mode
 restricted \write18 enabled.
 %&-line parsing enabled.
**/home/alexcoelho/Documentos/ABNTEX/abntex2-facens/facens.sty
(/home/alexcoelho/Documentos/ABNTEX/abntex2-facens/facens.sty
LaTeX2e <2016/02/01>
Babel <3.9q> and hyphenation patterns for 81 language(s) loaded.

LaTeX Warning: You have requested package `',
               but the package provides `abntex2novopacote'.

Package: abntex2novopacote 2014/09/01 Criacao desta customizacao do abnTeX2

! LaTeX Error: \usepackage before \documentclass.

See the LaTeX manual or LaTeX Companion for explanation.
Type  H <return>  for immediate help.
 ...                                              
                                                  
l.27 \usepackage{
                 helvet} 
Here is how much of TeX's memory you used:
 9 strings out of 493029
 429 string characters out of 6136233
 53063 words of memory out of 5000000
 3642 multiletter control sequences out of 15000+600000
 3640 words of font info for 14 fonts, out of 8000000 for 9000
 1141 hyphenation exceptions out of 8191
 7i,0n,5p,154b,14s stack positions out of 5000i,500n,10000p,200000b,80000s

!  ==> Fatal error occurred, no output PDF file produced!
